<?xml version="1.0" encoding="UTF-8"?>
<!-- Generated by org.testng.reporters.JUnitReportReporter -->
<testsuite hostname="Sathish-PC" name="rest.rest.AppTest" tests="3" failures="0" timestamp="21 Jul 2019 06:19:58 GMT" time="4.343" errors="0">
  <testcase name="testcase2" time="1.091" classname="rest.rest.AppTest"/>
  <testcase name="testcase1" time="2.434" classname="rest.rest.AppTest"/>
  <testcase name="testcase3" time="0.818" classname="rest.rest.AppTest"/>
</testsuite> <!-- rest.rest.AppTest -->
