<?xml version="1.0" encoding="UTF-8"?>
<!-- Generated by org.testng.reporters.JUnitReportReporter -->
<testsuite hostname="Sathish-PC" name="rest.rest.class1" tests="3" failures="0" timestamp="1 Aug 2019 18:28:25 GMT" time="26.332" errors="0">
  <testcase name="testcase1123" time="6.324" classname="rest.rest.class1"/>
  <testcase name="testcase111" time="18.875" classname="rest.rest.class1"/>
  <testcase name="testcase121" time="1.133" classname="rest.rest.class1"/>
</testsuite> <!-- rest.rest.class1 -->
