<?xml version="1.0" encoding="UTF-8"?>
<!-- Generated by org.testng.reporters.JUnitReportReporter -->
<testsuite hostname="Sathish-PC" name="TestNGpractice.TestNGpractice.class3" tests="2" failures="0" timestamp="12 Oct 2019 15:49:35 GMT" time="0.007" errors="0">
  <testcase name="six" time="0.003" classname="TestNGpractice.TestNGpractice.class3"/>
  <testcase name="seven" time="0.004" classname="TestNGpractice.TestNGpractice.class3"/>
</testsuite> <!-- TestNGpractice.TestNGpractice.class3 -->
