<?xml version="1.0" encoding="UTF-8"?>
<!-- Generated by org.testng.reporters.JUnitReportReporter -->
<testsuite hostname="Sathish-PC" name="TestNGpractice.TestNGpractice.class2" tests="2" failures="0" timestamp="12 Oct 2019 15:49:35 GMT" time="0.013" errors="0">
  <testcase name="five" time="0.011" classname="TestNGpractice.TestNGpractice.class2"/>
  <testcase name="four" time="0.002" classname="TestNGpractice.TestNGpractice.class2"/>
</testsuite> <!-- TestNGpractice.TestNGpractice.class2 -->
