<?xml version="1.0" encoding="UTF-8"?>
<!-- Generated by org.testng.reporters.JUnitReportReporter -->
<testsuite hostname="Sathish-PC" name="TestNGpractice.TestNGpractice.class1" tests="3" failures="0" timestamp="12 Oct 2019 15:49:35 GMT" time="0.011" errors="0">
  <testcase name="one" time="0.003" classname="TestNGpractice.TestNGpractice.class1"/>
  <testcase name="three" time="0.002" classname="TestNGpractice.TestNGpractice.class1"/>
  <testcase name="two" time="0.006" classname="TestNGpractice.TestNGpractice.class1"/>
</testsuite> <!-- TestNGpractice.TestNGpractice.class1 -->
