<?xml version="1.0" encoding="UTF-8"?>
<!-- Generated by org.testng.reporters.JUnitReportReporter -->
<testsuite skipped="0" hostname="Sathish-PC" name="program.program" tests="1" failures="0" timestamp="15 Dec 2019 05:57:59 GMT" time="48.730" errors="0">
  <testcase name="wet" time="48.730" classname="program.program"/>
</testsuite> <!-- program.program -->
