<?xml version="1.0" encoding="UTF-8"?>
<!-- Generated by org.testng.reporters.JUnitReportReporter -->
<testsuite hostname="Sathish-PC" name="tesrur.tesrur.AppTest" tests="1" failures="0" timestamp="20 Jul 2019 09:02:13 GMT" time="0.068" errors="0">
  <testcase name="shouldAnswerWithTrue" time="0.068" classname="tesrur.tesrur.AppTest"/>
</testsuite> <!-- tesrur.tesrur.AppTest -->
