<?xml version="1.0" encoding="UTF-8"?>
<!-- Generated by org.testng.reporters.JUnitReportReporter -->
<testsuite hostname="Sathish-PC" name="newirctc.newirctc.AppTest" tests="1" failures="0" timestamp="14 Sep 2019 14:42:20 GMT" time="0.016" errors="0">
  <testcase name="case2" time="0.016" classname="newirctc.newirctc.AppTest"/>
</testsuite> <!-- newirctc.newirctc.AppTest -->
