<?xml version="1.0" encoding="UTF-8"?>
<!-- Generated by org.testng.reporters.JUnitReportReporter -->
<testsuite hostname="Sathish-PC" name="newirctc.newirctc.Class1" tests="2" failures="0" timestamp="14 Sep 2019 14:42:20 GMT" time="0.000" errors="0">
  <testcase name="case3" time="0.000" classname="newirctc.newirctc.Class1"/>
  <testcase name="case4" time="0.000" classname="newirctc.newirctc.Class1"/>
</testsuite> <!-- newirctc.newirctc.Class1 -->
