<?xml version="1.0" encoding="UTF-8"?>
<!-- Generated by org.testng.reporters.JUnitReportReporter -->
<testsuite hostname="Sathish-PC" name="newirctc.newirctc.class2" tests="2" failures="0" timestamp="14 Sep 2019 14:42:20 GMT" time="0.031" errors="0">
  <testcase name="case6" time="0.000" classname="newirctc.newirctc.class2"/>
  <testcase name="case5" time="0.031" classname="newirctc.newirctc.class2"/>
</testsuite> <!-- newirctc.newirctc.class2 -->
