<?xml version="1.0" encoding="UTF-8"?>
<!-- Generated by org.testng.reporters.JUnitReportReporter -->
<testsuite hostname="Sathish-PC" name="TestNGBeforeAfter.Class1" tests="2" failures="0" timestamp="28 Sep 2019 11:41:13 GMT" time="0.028" errors="0">
  <testcase name="boy" time="0.025" classname="TestNGBeforeAfter.Class1"/>
  <testcase name="girl" time="0.003" classname="TestNGBeforeAfter.Class1"/>
</testsuite> <!-- TestNGBeforeAfter.Class1 -->
