<?xml version="1.0" encoding="UTF-8"?>
<!-- Generated by org.testng.reporters.JUnitReportReporter -->
<testsuite hostname="Sathish-PC" name="practice.practice.class1" tests="2" failures="0" timestamp="1 Aug 2019 18:57:13 GMT" time="53.017" errors="0">
  <testcase name="testcase1" time="37.887" classname="practice.practice.class1"/>
  <testcase name="baseclass1" time="15.130" classname="practice.practice.class1"/>
</testsuite> <!-- practice.practice.class1 -->
