<?xml version="1.0" encoding="UTF-8"?>
<!-- Generated by org.testng.reporters.JUnitReportReporter -->
<testsuite hostname="Sathish-PC" name="TestNGBeforeAfter.class3" tests="1" failures="0" timestamp="28 Sep 2019 11:41:13 GMT" time="0.010" errors="0">
  <testcase name="lady" time="0.010" classname="TestNGBeforeAfter.class3"/>
</testsuite> <!-- TestNGBeforeAfter.class3 -->
