<?xml version="1.0" encoding="UTF-8"?>
<!-- Generated by org.testng.reporters.JUnitReportReporter -->
<testsuite hostname="Sathish-PC" name="practice.practice.AppTest" tests="1" failures="0" timestamp="1 Aug 2019 18:57:13 GMT" time="16.939" errors="0">
  <testcase name="baseclass1" time="16.939" classname="practice.practice.AppTest"/>
</testsuite> <!-- practice.practice.AppTest -->
