<?xml version="1.0" encoding="UTF-8"?>
<!-- Generated by org.testng.reporters.JUnitReportReporter -->
<testsuite hostname="Sathish-PC" name="TestNGBeforeAfter.class2" tests="1" failures="0" timestamp="28 Sep 2019 11:41:13 GMT" time="0.004" errors="0">
  <testcase name="gents" time="0.004" classname="TestNGBeforeAfter.class2"/>
</testsuite> <!-- TestNGBeforeAfter.class2 -->
