<?xml version="1.0" encoding="UTF-8"?>
<!-- Generated by org.testng.reporters.JUnitReportReporter -->
<testsuite hostname="Sathish-PC" name="practice.practice.class2" tests="2" failures="0" timestamp="1 Aug 2019 18:57:13 GMT" time="90.240" errors="0">
  <testcase name="baseclass1" time="46.635" classname="practice.practice.class2"/>
  <testcase name="testcase2" time="43.605" classname="practice.practice.class2"/>
</testsuite> <!-- practice.practice.class2 -->
