<?xml version="1.0" encoding="UTF-8"?>
<!-- Generated by org.testng.reporters.JUnitReportReporter -->
<testsuite skipped="0" hostname="Sathish-PC" name="Baseclass.Baseclass" tests="1" failures="0" timestamp="19 Dec 2019 12:56:26 GMT" time="33.163" errors="0">
  <testcase name="let" time="33.163" classname="Baseclass.Baseclass"/>
</testsuite> <!-- Baseclass.Baseclass -->
