<?xml version="1.0" encoding="UTF-8"?>
<!-- Generated by org.testng.reporters.JUnitReportReporter -->
<testsuite hostname="Sathish-PC" name="new1.new1.class3" tests="2" failures="0" timestamp="28 Jul 2019 07:33:53 GMT" time="0.062" errors="0">
  <testcase name="executetest6" time="0.046" classname="new1.new1.class3"/>
  <testcase name="executetest5" time="0.016" classname="new1.new1.class3"/>
</testsuite> <!-- new1.new1.class3 -->
