<?xml version="1.0" encoding="UTF-8"?>
<!-- Generated by org.testng.reporters.JUnitReportReporter -->
<testsuite hostname="Sathish-PC" name="new1.new1.class2" tests="2" failures="0" timestamp="28 Jul 2019 07:33:53 GMT" time="0.031" errors="0">
  <testcase name="executetest4" time="0.016" classname="new1.new1.class2"/>
  <testcase name="executetest3" time="0.015" classname="new1.new1.class2"/>
</testsuite> <!-- new1.new1.class2 -->
